<?xml version="1.0" encoding="UTF-8"?>
<!-- Generated by org.testng.reporters.JUnitReportReporter -->
<testsuite hostname="DESKTOP-9E9MS69" failures="0" tests="7" name="com.orangehrmlive.demo.opensource.runners.RunnerTest" time="35.205" errors="0" timestamp="2024-08-28T19:16:27 EEST" skipped="0">
  <testcase classname="com.orangehrmlive.demo.opensource.runners.RunnerTest" name="runScenario" time="3.612"/>
  <testcase classname="com.orangehrmlive.demo.opensource.runners.RunnerTest" name="runScenario" time="4.783"/>
  <testcase classname="com.orangehrmlive.demo.opensource.runners.RunnerTest" name="runScenario" time="8.696"/>
  <testcase classname="com.orangehrmlive.demo.opensource.runners.RunnerTest" name="runScenario" time="5.040"/>
  <testcase classname="com.orangehrmlive.demo.opensource.runners.RunnerTest" name="runScenario" time="2.375"/>
  <testcase classname="com.orangehrmlive.demo.opensource.runners.RunnerTest" name="runScenario" time="8.077"/>
  <testcase classname="com.orangehrmlive.demo.opensource.runners.RunnerTest" name="runScenario" time="2.622"/>
</testsuite> <!-- com.orangehrmlive.demo.opensource.runners.RunnerTest -->
